0 info it worked if it ends with ok
1 verbose cli [
1 verbose cli   'C:\\Program Files\\nodejs\\node.exe',
1 verbose cli   'C:\\Program Files\\nodejs\\node_modules\\npm\\bin\\npm-cli.js',
1 verbose cli   'run',
1 verbose cli   'build'
1 verbose cli ]
2 info using npm@6.14.13
3 info using node@v14.17.3
4 verbose run-script [ 'prebuild', 'build', 'postbuild' ]
5 info lifecycle new_react-project@0.1.0~prebuild: new_react-project@0.1.0
6 info lifecycle new_react-project@0.1.0~build: new_react-project@0.1.0
7 verbose lifecycle new_react-project@0.1.0~build: unsafe-perm in lifecycle true
8 verbose lifecycle new_react-project@0.1.0~build: PATH: C:\Program Files\nodejs\node_modules\npm\node_modules\npm-lifecycle\node-gyp-bin;C:\git_projects_repo\new_react-project\node_modules\.bin;C:\Program Files\nodejs\node_modules\npm\node_modules\npm-lifecycle\node-gyp-bin;C:\git_projects_repo\new_react-project\node_modules\.bin;C:\WINDOWS\system32;C:\WINDOWS;C:\WINDOWS\System32\Wbem;C:\WINDOWS\System32\WindowsPowerShell\v1.0\;C:\WINDOWS\System32\OpenSSH\;C:\Users\Manur\AppData\Local\Microsoft\WindowsApps;C:\Users\Manur\AppData\Local\Programs\Microsoft VS Code\bin;C:\Users\Manur\AppData\Roaming\npm;C:\adb;C:\Program Files\Git\cmd;C:\Program Files\nodejs\;%SystemRoot%\system32;%SystemRoot%;%SystemRoot%\System32\Wbem;%SYSTEMROOT%\System32\WindowsPowerShell\v1.0\;%SYSTEMROOT%\System32\OpenSSH\;C:\Users\Manur\AppData\Local\Microsoft\WindowsApps;C:\Users\Manur\AppData\Local\GitHubDesktop\bin;C:\Users\Manur\AppData\Local\Programs\Microsoft VS Code\bin;C:\Users\Manur\AppData\Roaming\npm;
9 verbose lifecycle new_react-project@0.1.0~build: CWD: C:\git_projects_repo\new_react-project
10 silly lifecycle new_react-project@0.1.0~build: Args: [ '/d /s /c', 'react-scripts build' ]
11 silly lifecycle new_react-project@0.1.0~build: Returned: code: 1  signal: null
12 info lifecycle new_react-project@0.1.0~build: Failed to exec build script
13 verbose stack Error: new_react-project@0.1.0 build: `react-scripts build`
13 verbose stack Exit status 1
13 verbose stack     at EventEmitter.<anonymous> (C:\Program Files\nodejs\node_modules\npm\node_modules\npm-lifecycle\index.js:332:16)
13 verbose stack     at EventEmitter.emit (events.js:375:28)
13 verbose stack     at ChildProcess.<anonymous> (C:\Program Files\nodejs\node_modules\npm\node_modules\npm-lifecycle\lib\spawn.js:55:14)
13 verbose stack     at ChildProcess.emit (events.js:375:28)
13 verbose stack     at maybeClose (internal/child_process.js:1055:16)
13 verbose stack     at Process.ChildProcess._handle.onexit (internal/child_process.js:288:5)
14 verbose pkgid new_react-project@0.1.0
15 verbose cwd C:\git_projects_repo\new_react-project
16 verbose Windows_NT 10.0.22621
17 verbose argv "C:\\Program Files\\nodejs\\node.exe" "C:\\Program Files\\nodejs\\node_modules\\npm\\bin\\npm-cli.js" "run" "build"
18 verbose node v14.17.3
19 verbose npm  v6.14.13
20 error code ELIFECYCLE
21 error errno 1
22 error new_react-project@0.1.0 build: `react-scripts build`
22 error Exit status 1
23 error Failed at the new_react-project@0.1.0 build script.
23 error This is probably not a problem with npm. There is likely additional logging output above.
24 verbose exit [ 1, true ]
